{
  "RSpec": {
    "coverage": {
      "/Users/jd/makers/oyster/spec/oystercard_spec.rb": [
        1,
        null,
        1,
        10,
        null,
        1,
        1,
        null,
        null,
        1,
        1,
        1,
        null,
        1,
        2,
        null,
        null,
        null,
        1,
        1,
        1,
        null,
        null,
        null,
        null,
        1,
        1,
        1,
        1,
        null,
        1,
        2,
        null,
        1,
        1,
        1,
        1,
        null,
        null,
        null,
        null,
        1,
        1,
        1,
        1,
        null,
        1,
        4,
        null,
        null,
        null,
        null
      ],
      "/Users/jd/makers/oyster/lib/oystercard.rb": [
        1,
        null,
        1,
        null,
        1,
        1,
        null,
        1,
        9,
        9,
        null,
        null,
        1,
        4,
        3,
        null,
        null,
        1,
        3,
        2,
        2,
        null,
        null,
        1,
        2,
        2,
        null,
        null,
        1,
        2,
        null,
        null,
        1,
        null,
        1,
        3,
        null,
        null,
        1,
        1,
        null,
        null,
        null
      ]
    },
    "timestamp": 1522319854
  }
}
